2020-06-11 21:07:55,704 INFO notifyConnectTimeout:200

2020-06-11 21:07:55,741 INFO notifySocketTimeout:8000

2020-06-11 21:07:55,741 INFO isHealthCheck:true

2020-06-11 21:07:55,741 INFO maxHealthCheckFailCount:12

2020-06-11 21:07:55,741 INFO maxContent:10485760

2020-06-11 21:07:55,742 INFO spring.datasource.platform:mysql

2020-06-11 21:08:38,199 WARN DumpService start

2020-06-11 21:08:38,200 INFO start clear all config-info.

2020-06-11 21:08:38,244 WARN clear all config-info failed.

2020-06-11 21:08:38,245 WARN clear all config-info-tenant failed.

2020-06-11 21:08:38,284 INFO start clear all config-info-beta.

2020-06-11 21:08:38,284 WARN clear all config-info-beta failed.

2020-06-11 21:08:38,284 WARN clear all config-info-beta-tenant failed.

2020-06-11 21:08:38,286 INFO start clear all config-info-tag.

2020-06-11 21:08:38,286 WARN clear all config-info-tag failed.

2020-06-11 21:08:38,286 WARN clear all config-info-tag-tenant failed.

2020-06-11 21:15:45,672 INFO notifyConnectTimeout:200

2020-06-11 21:15:45,713 INFO notifySocketTimeout:8000

2020-06-11 21:15:45,713 INFO isHealthCheck:true

2020-06-11 21:15:45,713 INFO maxHealthCheckFailCount:12

2020-06-11 21:15:45,713 INFO maxContent:10485760

2020-06-11 21:15:45,713 INFO spring.datasource.platform:mysql

2020-06-11 21:16:27,887 WARN DumpService start

2020-06-11 21:16:27,888 INFO start clear all config-info.

2020-06-11 21:16:27,938 WARN clear all config-info failed.

2020-06-11 21:16:27,939 WARN clear all config-info-tenant failed.

2020-06-11 21:16:27,966 INFO start clear all config-info-beta.

2020-06-11 21:16:27,966 WARN clear all config-info-beta failed.

2020-06-11 21:16:27,966 WARN clear all config-info-beta-tenant failed.

2020-06-11 21:16:27,968 INFO start clear all config-info-tag.

2020-06-11 21:16:27,968 WARN clear all config-info-tag failed.

2020-06-11 21:16:27,968 WARN clear all config-info-tag-tenant failed.

