2020-06-11 21:07:55,831 INFO Starting Nacos on CHENCHAO-PC with PID 964 (D:\dev\workspace\IdeaProjects\nacos\distribution\target\nacos-server-1.3.0\nacos\target\nacos-server.jar started by Administrator in D:\dev\workspace\IdeaProjects\nacos\distribution\target\nacos-server-1.3.0\nacos\bin)

2020-06-11 21:07:55,841 INFO The following profiles are active: standalone

2020-06-11 21:08:19,830 INFO Bean 'org.springframework.security.config.annotation.configuration.ObjectPostProcessorConfiguration' of type [org.springframework.security.config.annotation.configuration.ObjectPostProcessorConfiguration$$EnhancerBySpringCGLIB$$e0e3384f] is not eligible for getting processed by all BeanPostProcessors (for example: not eligible for auto-proxying)

2020-06-11 21:08:21,207 INFO Bean 'objectPostProcessor' of type [org.springframework.security.config.annotation.configuration.AutowireBeanFactoryObjectPostProcessor] is not eligible for getting processed by all BeanPostProcessors (for example: not eligible for auto-proxying)

2020-06-11 21:08:21,242 INFO Bean 'org.springframework.security.access.expression.method.DefaultMethodSecurityExpressionHandler@6aa61224' of type [org.springframework.security.access.expression.method.DefaultMethodSecurityExpressionHandler] is not eligible for getting processed by all BeanPostProcessors (for example: not eligible for auto-proxying)

2020-06-11 21:08:21,247 INFO Bean 'org.springframework.security.config.annotation.method.configuration.GlobalMethodSecurityConfiguration' of type [org.springframework.security.config.annotation.method.configuration.GlobalMethodSecurityConfiguration$$EnhancerBySpringCGLIB$$5b7db01] is not eligible for getting processed by all BeanPostProcessors (for example: not eligible for auto-proxying)

2020-06-11 21:08:21,328 INFO Bean 'methodSecurityMetadataSource' of type [org.springframework.security.access.method.DelegatingMethodSecurityMetadataSource] is not eligible for getting processed by all BeanPostProcessors (for example: not eligible for auto-proxying)

2020-06-11 21:08:25,781 INFO Tomcat initialized with port(s): 8848 (http)

2020-06-11 21:08:26,065 INFO Starting service [Tomcat]

2020-06-11 21:08:26,065 INFO Starting Servlet Engine: Apache Tomcat/9.0.13

2020-06-11 21:08:26,165 INFO The APR based Apache Tomcat Native library which allows optimal performance in production environments was not found on the java.library.path: [C:\md\Java\jdk1.8.0_181\bin;C:\WINDOWS\Sun\Java\bin;C:\WINDOWS\system32;C:\WINDOWS;C:\md\netsarang\XFtp 6\;C:\md\netsarang\Xshell 6\;D:\apps\oracle\database\product\12.2.0\dbhome_1\bin;C:\Program Files (x86)\Common Files\Oracle\Java\javapath;C:\Windows\system32;C:\Windows;C:\Windows\System32\Wbem;C:\Windows\System32\WindowsPowerShell\v1.0\;C:\Windows\System32\OpenSSH\;C:\Program Files (x86)\NVIDIA Corporation\PhysX\Common;C:\md\Git\cmd;C:\md\Java\jdk1.8.0_181\bin;C:\md\Java\jdk1.8.0_181\jre\bin;C:\md\Python27;D:\dev\cygwin\bin;D:\dev\mysql\bin;C:\Program Files (x86)\Windows Kits\8.1\Windows Performance Toolkit\;C:\Program Files\Microsoft SQL Server\110\Tools\Binn\;D:\dev\redis;D:\apps\nodejs\;C:\WINDOWS\system32;C:\WINDOWS;C:\WINDOWS\System32\Wbem;C:\WINDOWS\System32\WindowsPowerShell\v1.0\;C:\WINDOWS\System32\OpenSSH\;D:\dev\nodejs\node_global;C:\Program Files\Intel\WiFi\bin\;C:\Program Files\Common Files\Intel\WirelessCommon\;D:\dev\maven\bin;D:\dev\gradle\5.0\bin;C:\Users\Administrator\AppData\Local\Microsoft\WindowsApps;C:\Program Files\Intel\WiFi\bin\;C:\Program Files\Common Files\Intel\WirelessCommon\;C:\Users\Administrator\AppData\Roaming\npm;d:\apps\Bandizip\;C:\md\Microsoft VS Code\bin;.]

2020-06-11 21:08:27,517 INFO Initializing Spring embedded WebApplicationContext

2020-06-11 21:08:27,517 INFO Root WebApplicationContext: initialization completed in 30976 ms

2020-06-11 21:08:29,558 INFO Use Mysql 8 as the driver

2020-06-11 21:08:29,733 INFO HikariPool-1 - Starting...

2020-06-11 21:08:31,076 INFO HikariPool-1 - Start completed.

2020-06-11 21:08:34,093 INFO Nacos-related cluster resource initialization

2020-06-11 21:08:34,126 INFO The cluster resource is initialized

2020-06-11 21:08:36,259 INFO Reflections took 373 ms to scan 1 urls, producing 6 keys and 24 values 

2020-06-11 21:08:36,524 INFO Reflections took 5 ms to scan 1 urls, producing 2 keys and 12 values 

2020-06-11 21:08:36,569 INFO Reflections took 5 ms to scan 1 urls, producing 3 keys and 15 values 

2020-06-11 21:08:43,375 INFO Initializing ExecutorService 'applicationTaskExecutor'

2020-06-11 21:08:44,082 INFO Adding welcome page: class path resource [static/index.html]

2020-06-11 21:08:47,655 INFO Creating filter chain: Ant [pattern='/**'], []

2020-06-11 21:08:48,198 INFO Creating filter chain: any request, [org.springframework.security.web.context.request.async.WebAsyncManagerIntegrationFilter@2a7b6f69, org.springframework.security.web.context.SecurityContextPersistenceFilter@d816dde, org.springframework.security.web.header.HeaderWriterFilter@51684e4a, org.springframework.security.web.csrf.CsrfFilter@2102a4d5, org.springframework.security.web.authentication.logout.LogoutFilter@213e3629, org.springframework.security.web.savedrequest.RequestCacheAwareFilter@6c451c9c, org.springframework.security.web.servletapi.SecurityContextHolderAwareRequestFilter@47747fb9, org.springframework.security.web.authentication.AnonymousAuthenticationFilter@20312893, org.springframework.security.web.session.SessionManagementFilter@38875e7d, org.springframework.security.web.access.ExceptionTranslationFilter@3d4d3fe7]

2020-06-11 21:08:49,440 INFO Exposing 2 endpoint(s) beneath base path '/actuator'

2020-06-11 21:08:49,536 INFO Initializing ExecutorService 'taskScheduler'

2020-06-11 21:08:50,772 INFO Tomcat started on port(s): 8848 (http) with context path '/nacos'

2020-06-11 21:08:50,811 INFO Started Nacos in 62.947 seconds (JVM running for 65.99)

2020-06-11 21:08:50,811 INFO Nacos Log files: D:\dev\workspace\IdeaProjects\nacos\distribution\target\nacos-server-1.3.0\nacos\logs

2020-06-11 21:08:50,816 INFO Nacos Log files: D:\dev\workspace\IdeaProjects\nacos\distribution\target\nacos-server-1.3.0\nacos\conf

2020-06-11 21:08:50,816 INFO Nacos Log files: D:\dev\workspace\IdeaProjects\nacos\distribution\target\nacos-server-1.3.0\nacos\data

2020-06-11 21:08:50,817 INFO Nacos started successfully in stand alone mode. use external storage

2020-06-11 21:10:37,201 INFO Initializing Spring DispatcherServlet 'dispatcherServlet'

2020-06-11 21:10:37,202 INFO Initializing Servlet 'dispatcherServlet'

2020-06-11 21:10:37,230 INFO Completed initialization in 27 ms

2020-06-11 21:14:53,319 WARN [HttpClientManager] Start destroying HttpClient

2020-06-11 21:14:53,321 WARN [NotifyCenter] Start destroying Publisher

2020-06-11 21:14:53,322 WARN [HttpClientManager] Destruction of the end

2020-06-11 21:14:53,321 WARN [ThreadPoolManager] Start destroying ThreadPool

2020-06-11 21:14:53,324 INFO Shutting down ExecutorService 'taskScheduler'

2020-06-11 21:14:53,326 WARN [NotifyCenter] Destruction of the end

2020-06-11 21:14:53,326 INFO Shutting down ExecutorService 'applicationTaskExecutor'

2020-06-11 21:14:57,882 WARN [ThreadPoolManager] Destruction of the end

2020-06-11 21:15:45,811 INFO Starting Nacos on CHENCHAO-PC with PID 12956 (D:\dev\workspace\IdeaProjects\nacos\distribution\target\nacos-server-1.3.0\nacos\target\nacos-server.jar started by Administrator in D:\dev\workspace\IdeaProjects\nacos\distribution\target\nacos-server-1.3.0\nacos\bin)

2020-06-11 21:15:45,822 INFO The following profiles are active: standalone

2020-06-11 21:16:09,466 INFO Bean 'org.springframework.security.config.annotation.configuration.ObjectPostProcessorConfiguration' of type [org.springframework.security.config.annotation.configuration.ObjectPostProcessorConfiguration$$EnhancerBySpringCGLIB$$628924ad] is not eligible for getting processed by all BeanPostProcessors (for example: not eligible for auto-proxying)

2020-06-11 21:16:10,694 INFO Bean 'objectPostProcessor' of type [org.springframework.security.config.annotation.configuration.AutowireBeanFactoryObjectPostProcessor] is not eligible for getting processed by all BeanPostProcessors (for example: not eligible for auto-proxying)

2020-06-11 21:16:10,728 INFO Bean 'org.springframework.security.access.expression.method.DefaultMethodSecurityExpressionHandler@3e6f3f28' of type [org.springframework.security.access.expression.method.DefaultMethodSecurityExpressionHandler] is not eligible for getting processed by all BeanPostProcessors (for example: not eligible for auto-proxying)

2020-06-11 21:16:10,733 INFO Bean 'org.springframework.security.config.annotation.method.configuration.GlobalMethodSecurityConfiguration' of type [org.springframework.security.config.annotation.method.configuration.GlobalMethodSecurityConfiguration$$EnhancerBySpringCGLIB$$875dc75f] is not eligible for getting processed by all BeanPostProcessors (for example: not eligible for auto-proxying)

2020-06-11 21:16:10,812 INFO Bean 'methodSecurityMetadataSource' of type [org.springframework.security.access.method.DelegatingMethodSecurityMetadataSource] is not eligible for getting processed by all BeanPostProcessors (for example: not eligible for auto-proxying)

2020-06-11 21:16:15,355 INFO Tomcat initialized with port(s): 8848 (http)

2020-06-11 21:16:15,648 INFO Starting service [Tomcat]

2020-06-11 21:16:15,648 INFO Starting Servlet Engine: Apache Tomcat/9.0.13

2020-06-11 21:16:15,749 INFO The APR based Apache Tomcat Native library which allows optimal performance in production environments was not found on the java.library.path: [C:\md\Java\jdk1.8.0_181\bin;C:\WINDOWS\Sun\Java\bin;C:\WINDOWS\system32;C:\WINDOWS;C:\md\netsarang\XFtp 6\;C:\md\netsarang\Xshell 6\;D:\apps\oracle\database\product\12.2.0\dbhome_1\bin;C:\Program Files (x86)\Common Files\Oracle\Java\javapath;C:\Windows\system32;C:\Windows;C:\Windows\System32\Wbem;C:\Windows\System32\WindowsPowerShell\v1.0\;C:\Windows\System32\OpenSSH\;C:\Program Files (x86)\NVIDIA Corporation\PhysX\Common;C:\md\Git\cmd;C:\md\Java\jdk1.8.0_181\bin;C:\md\Java\jdk1.8.0_181\jre\bin;C:\md\Python27;D:\dev\cygwin\bin;D:\dev\mysql\bin;C:\Program Files (x86)\Windows Kits\8.1\Windows Performance Toolkit\;C:\Program Files\Microsoft SQL Server\110\Tools\Binn\;D:\dev\redis;D:\apps\nodejs\;C:\WINDOWS\system32;C:\WINDOWS;C:\WINDOWS\System32\Wbem;C:\WINDOWS\System32\WindowsPowerShell\v1.0\;C:\WINDOWS\System32\OpenSSH\;D:\dev\nodejs\node_global;C:\Program Files\Intel\WiFi\bin\;C:\Program Files\Common Files\Intel\WirelessCommon\;D:\dev\maven\bin;D:\dev\gradle\5.0\bin;C:\Users\Administrator\AppData\Local\Microsoft\WindowsApps;C:\Program Files\Intel\WiFi\bin\;C:\Program Files\Common Files\Intel\WirelessCommon\;C:\Users\Administrator\AppData\Roaming\npm;d:\apps\Bandizip\;C:\md\Microsoft VS Code\bin;.]

2020-06-11 21:16:17,104 INFO Initializing Spring embedded WebApplicationContext

2020-06-11 21:16:17,104 INFO Root WebApplicationContext: initialization completed in 30593 ms

2020-06-11 21:16:19,116 INFO Use Mysql 8 as the driver

2020-06-11 21:16:19,291 INFO HikariPool-1 - Starting...

2020-06-11 21:16:20,656 INFO HikariPool-1 - Start completed.

2020-06-11 21:16:23,717 INFO Nacos-related cluster resource initialization

2020-06-11 21:16:23,750 INFO The cluster resource is initialized

2020-06-11 21:16:26,020 INFO Reflections took 335 ms to scan 1 urls, producing 6 keys and 24 values 

2020-06-11 21:16:26,280 INFO Reflections took 5 ms to scan 1 urls, producing 2 keys and 12 values 

2020-06-11 21:16:26,327 INFO Reflections took 6 ms to scan 1 urls, producing 3 keys and 15 values 

2020-06-11 21:16:32,378 INFO Initializing ExecutorService 'applicationTaskExecutor'

2020-06-11 21:16:33,019 INFO Adding welcome page: class path resource [static/index.html]

2020-06-11 21:16:36,862 INFO Creating filter chain: Ant [pattern='/**'], []

2020-06-11 21:16:37,436 INFO Creating filter chain: any request, [org.springframework.security.web.context.request.async.WebAsyncManagerIntegrationFilter@41382722, org.springframework.security.web.context.SecurityContextPersistenceFilter@5ea502e0, org.springframework.security.web.header.HeaderWriterFilter@82c57b3, org.springframework.security.web.csrf.CsrfFilter@7957dc72, org.springframework.security.web.authentication.logout.LogoutFilter@5bbc9f97, org.springframework.security.web.savedrequest.RequestCacheAwareFilter@473b3b7a, org.springframework.security.web.servletapi.SecurityContextHolderAwareRequestFilter@5ed190be, org.springframework.security.web.authentication.AnonymousAuthenticationFilter@7dac3fd8, org.springframework.security.web.session.SessionManagementFilter@600b0b7, org.springframework.security.web.access.ExceptionTranslationFilter@3aacf32a]

2020-06-11 21:16:38,870 INFO Exposing 2 endpoint(s) beneath base path '/actuator'

2020-06-11 21:16:38,965 INFO Initializing ExecutorService 'taskScheduler'

2020-06-11 21:16:39,962 INFO Tomcat started on port(s): 8848 (http) with context path '/nacos'

2020-06-11 21:16:39,999 INFO Started Nacos in 62.15 seconds (JVM running for 65.296)

2020-06-11 21:16:39,999 INFO Nacos Log files: D:\dev\workspace\IdeaProjects\nacos\distribution\target\nacos-server-1.3.0\nacos\logs

2020-06-11 21:16:40,005 INFO Nacos Log files: D:\dev\workspace\IdeaProjects\nacos\distribution\target\nacos-server-1.3.0\nacos\conf

2020-06-11 21:16:40,005 INFO Nacos Log files: D:\dev\workspace\IdeaProjects\nacos\distribution\target\nacos-server-1.3.0\nacos\data

2020-06-11 21:16:40,006 INFO Nacos started successfully in stand alone mode. use external storage

2020-06-11 21:16:42,054 INFO Initializing Spring DispatcherServlet 'dispatcherServlet'

2020-06-11 21:16:42,055 INFO Initializing Servlet 'dispatcherServlet'

2020-06-11 21:16:42,078 INFO Completed initialization in 21 ms

2020-06-11 21:26:27,855 INFO [capacityManagement] start correct usage

2020-06-11 21:26:27,887 INFO [capacityManagement] end correct usage, cost: 0s

2020-06-11 21:26:28,061 WARN clearConfigHistory start

2020-06-11 21:36:27,888 INFO [capacityManagement] start correct usage

2020-06-11 21:36:27,889 INFO [capacityManagement] end correct usage, cost: 0s

2020-06-11 21:36:28,072 WARN clearConfigHistory start

2020-06-11 21:46:27,891 INFO [capacityManagement] start correct usage

2020-06-11 21:46:27,893 INFO [capacityManagement] end correct usage, cost: 0s

2020-06-11 21:46:28,075 WARN clearConfigHistory start

2020-06-11 21:56:27,894 INFO [capacityManagement] start correct usage

2020-06-11 21:56:27,895 INFO [capacityManagement] end correct usage, cost: 0s

2020-06-11 21:56:28,076 WARN clearConfigHistory start

2020-06-11 22:06:27,896 INFO [capacityManagement] start correct usage

2020-06-11 22:06:27,897 INFO [capacityManagement] end correct usage, cost: 0s

2020-06-11 22:06:28,077 WARN clearConfigHistory start

2020-06-11 22:06:56,672 WARN [HttpClientManager] Start destroying HttpClient

2020-06-11 22:06:56,672 WARN [ThreadPoolManager] Start destroying ThreadPool

2020-06-11 22:06:56,675 WARN [HttpClientManager] Destruction of the end

2020-06-11 22:06:56,672 WARN [NotifyCenter] Start destroying Publisher

2020-06-11 22:06:56,677 INFO Shutting down ExecutorService 'taskScheduler'

2020-06-11 22:06:56,678 WARN [NotifyCenter] Destruction of the end

2020-06-11 22:06:56,679 INFO Shutting down ExecutorService 'applicationTaskExecutor'

2020-06-11 22:07:01,981 WARN [ThreadPoolManager] Destruction of the end

